2024-03-14T17:03:27.951+09:00  INFO 17072 --- [ch08] [restartedMain] kr.co.ch08.Ch08Application               : Starting Ch08Application using Java 17.0.9 with PID 17072 (C:\Users\java\Desktop\workspace\Spring\ch08\build\classes\java\main started by java in C:\Users\java\Desktop\workspace\Spring\ch08)
2024-03-14T17:03:27.955+09:00  INFO 17072 --- [ch08] [restartedMain] kr.co.ch08.Ch08Application               : No active profile set, falling back to 1 default profile: "default"
2024-03-14T17:03:27.979+09:00  INFO 17072 --- [ch08] [restartedMain] .e.DevToolsPropertyDefaultsPostProcessor : Devtools property defaults active! Set 'spring.devtools.add-properties' to 'false' to disable
2024-03-14T17:03:27.980+09:00  INFO 17072 --- [ch08] [restartedMain] .e.DevToolsPropertyDefaultsPostProcessor : For additional web related logging consider setting the 'logging.level.web' property to 'DEBUG'
2024-03-14T17:03:28.365+09:00  INFO 17072 --- [ch08] [restartedMain] .s.d.r.c.RepositoryConfigurationDelegate : Bootstrapping Spring Data JPA repositories in DEFAULT mode.
2024-03-14T17:03:28.387+09:00  INFO 17072 --- [ch08] [restartedMain] .s.d.r.c.RepositoryConfigurationDelegate : Finished Spring Data repository scanning in 18 ms. Found 1 JPA repository interface.
2024-03-14T17:03:28.449+09:00  WARN 17072 --- [ch08] [restartedMain] o.m.s.mapper.ClassPathMapperScanner      : No MyBatis mapper was found in '[kr.co.ch08]' package. Please check your configuration.
2024-03-14T17:03:28.669+09:00  INFO 17072 --- [ch08] [restartedMain] o.s.b.w.embedded.tomcat.TomcatWebServer  : Tomcat initialized with port 8080 (http)
2024-03-14T17:03:28.676+09:00  INFO 17072 --- [ch08] [restartedMain] o.apache.catalina.core.StandardService   : Starting service [Tomcat]
2024-03-14T17:03:28.676+09:00  INFO 17072 --- [ch08] [restartedMain] o.apache.catalina.core.StandardEngine    : Starting Servlet engine: [Apache Tomcat/10.1.19]
2024-03-14T17:03:28.705+09:00  INFO 17072 --- [ch08] [restartedMain] o.a.c.c.C.[Tomcat].[localhost].[/ch08]   : Initializing Spring embedded WebApplicationContext
2024-03-14T17:03:28.706+09:00  INFO 17072 --- [ch08] [restartedMain] w.s.c.ServletWebServerApplicationContext : Root WebApplicationContext: initialization completed in 726 ms
2024-03-14T17:03:28.787+09:00  INFO 17072 --- [ch08] [restartedMain] o.hibernate.jpa.internal.util.LogHelper  : HHH000204: Processing PersistenceUnitInfo [name: default]
2024-03-14T17:03:28.822+09:00  INFO 17072 --- [ch08] [restartedMain] org.hibernate.Version                    : HHH000412: Hibernate ORM core version 6.4.4.Final
2024-03-14T17:03:28.842+09:00  INFO 17072 --- [ch08] [restartedMain] o.h.c.internal.RegionFactoryInitiator    : HHH000026: Second-level cache disabled
2024-03-14T17:03:28.988+09:00  INFO 17072 --- [ch08] [restartedMain] o.s.o.j.p.SpringPersistenceUnitInfo      : No LoadTimeWeaver setup: ignoring JPA class transformer
2024-03-14T17:03:29.006+09:00  INFO 17072 --- [ch08] [restartedMain] com.zaxxer.hikari.HikariDataSource       : HikariPool-1 - Starting...
2024-03-14T17:03:29.181+09:00  INFO 17072 --- [ch08] [restartedMain] com.zaxxer.hikari.pool.HikariPool        : HikariPool-1 - Added connection com.mysql.cj.jdbc.ConnectionImpl@5df07952
2024-03-14T17:03:29.183+09:00  INFO 17072 --- [ch08] [restartedMain] com.zaxxer.hikari.HikariDataSource       : HikariPool-1 - Start completed.
2024-03-14T17:03:29.212+09:00  WARN 17072 --- [ch08] [restartedMain] org.hibernate.orm.deprecation            : HHH90000025: MySQLDialect does not need to be specified explicitly using 'hibernate.dialect' (remove the property setting and it will be selected by default)
2024-03-14T17:03:29.666+09:00  INFO 17072 --- [ch08] [restartedMain] o.h.e.t.j.p.i.JtaPlatformInitiator       : HHH000489: No JTA platform available (set 'hibernate.transaction.jta.platform' to enable JTA platform integration)
2024-03-14T17:03:29.689+09:00  INFO 17072 --- [ch08] [restartedMain] j.LocalContainerEntityManagerFactoryBean : Initialized JPA EntityManagerFactory for persistence unit 'default'
2024-03-14T17:03:29.808+09:00  WARN 17072 --- [ch08] [restartedMain] JpaBaseConfiguration$JpaWebConfiguration : spring.jpa.open-in-view is enabled by default. Therefore, database queries may be performed during view rendering. Explicitly configure spring.jpa.open-in-view to disable this warning
2024-03-14T17:03:29.862+09:00  INFO 17072 --- [ch08] [restartedMain] o.s.b.a.w.s.WelcomePageHandlerMapping    : Adding welcome page template: index
2024-03-14T17:03:29.948+09:00  INFO 17072 --- [ch08] [restartedMain] o.s.s.web.DefaultSecurityFilterChain     : Will secure any request with [org.springframework.security.web.session.DisableEncodeUrlFilter@180c3323, org.springframework.security.web.context.request.async.WebAsyncManagerIntegrationFilter@43f4c53c, org.springframework.security.web.context.SecurityContextHolderFilter@4c2f76bf, org.springframework.security.web.header.HeaderWriterFilter@478e338a, org.springframework.web.filter.CorsFilter@76396849, org.springframework.security.web.authentication.logout.LogoutFilter@a187c9e, org.springframework.security.web.authentication.UsernamePasswordAuthenticationFilter@4d529164, org.springframework.security.web.savedrequest.RequestCacheAwareFilter@55d8e426, org.springframework.security.web.servletapi.SecurityContextHolderAwareRequestFilter@6d1e0417, org.springframework.security.web.authentication.AnonymousAuthenticationFilter@616029b9, org.springframework.security.web.access.ExceptionTranslationFilter@124f217c, org.springframework.security.web.access.intercept.AuthorizationFilter@53111648]
2024-03-14T17:03:30.087+09:00  WARN 17072 --- [ch08] [restartedMain] o.s.b.d.a.OptionalLiveReloadServer       : Unable to start LiveReload server
2024-03-14T17:03:30.098+09:00  WARN 17072 --- [ch08] [restartedMain] ConfigServletWebServerApplicationContext : Exception encountered during context initialization - cancelling refresh attempt: org.springframework.context.ApplicationContextException: Failed to start bean 'webServerStartStop'
2024-03-14T17:03:30.099+09:00  INFO 17072 --- [ch08] [restartedMain] j.LocalContainerEntityManagerFactoryBean : Closing JPA EntityManagerFactory for persistence unit 'default'
2024-03-14T17:03:30.100+09:00  INFO 17072 --- [ch08] [restartedMain] com.zaxxer.hikari.HikariDataSource       : HikariPool-1 - Shutdown initiated...
2024-03-14T17:03:30.104+09:00  INFO 17072 --- [ch08] [restartedMain] com.zaxxer.hikari.HikariDataSource       : HikariPool-1 - Shutdown completed.
2024-03-14T17:03:30.110+09:00  INFO 17072 --- [ch08] [restartedMain] .s.b.a.l.ConditionEvaluationReportLogger : 

Error starting ApplicationContext. To display the condition evaluation report re-run your application with 'debug' enabled.
2024-03-14T17:03:30.121+09:00 ERROR 17072 --- [ch08] [restartedMain] o.s.b.d.LoggingFailureAnalysisReporter   : 

***************************
APPLICATION FAILED TO START
***************************

Description:

Web server failed to start. Port 8080 was already in use.

Action:

Identify and stop the process that's listening on port 8080 or configure this application to listen on another port.

2024-03-14T17:05:29.822+09:00  INFO 204 --- [ch08] [restartedMain] kr.co.ch08.Ch08Application               : Starting Ch08Application using Java 17.0.9 with PID 204 (C:\Users\java\Desktop\workspace\Spring\ch08\build\classes\java\main started by java in C:\Users\java\Desktop\workspace\Spring\ch08)
2024-03-14T17:05:29.823+09:00  INFO 204 --- [ch08] [restartedMain] kr.co.ch08.Ch08Application               : No active profile set, falling back to 1 default profile: "default"
2024-03-14T17:05:29.846+09:00  INFO 204 --- [ch08] [restartedMain] .e.DevToolsPropertyDefaultsPostProcessor : Devtools property defaults active! Set 'spring.devtools.add-properties' to 'false' to disable
2024-03-14T17:05:29.847+09:00  INFO 204 --- [ch08] [restartedMain] .e.DevToolsPropertyDefaultsPostProcessor : For additional web related logging consider setting the 'logging.level.web' property to 'DEBUG'
2024-03-14T17:05:30.217+09:00  INFO 204 --- [ch08] [restartedMain] .s.d.r.c.RepositoryConfigurationDelegate : Bootstrapping Spring Data JPA repositories in DEFAULT mode.
2024-03-14T17:05:30.239+09:00  INFO 204 --- [ch08] [restartedMain] .s.d.r.c.RepositoryConfigurationDelegate : Finished Spring Data repository scanning in 18 ms. Found 1 JPA repository interface.
2024-03-14T17:05:30.311+09:00  WARN 204 --- [ch08] [restartedMain] o.m.s.mapper.ClassPathMapperScanner      : No MyBatis mapper was found in '[kr.co.ch08]' package. Please check your configuration.
2024-03-14T17:05:30.545+09:00  INFO 204 --- [ch08] [restartedMain] o.s.b.w.embedded.tomcat.TomcatWebServer  : Tomcat initialized with port 8080 (http)
2024-03-14T17:05:30.550+09:00  INFO 204 --- [ch08] [restartedMain] o.apache.catalina.core.StandardService   : Starting service [Tomcat]
2024-03-14T17:05:30.551+09:00  INFO 204 --- [ch08] [restartedMain] o.apache.catalina.core.StandardEngine    : Starting Servlet engine: [Apache Tomcat/10.1.19]
2024-03-14T17:05:30.581+09:00  INFO 204 --- [ch08] [restartedMain] o.a.c.c.C.[Tomcat].[localhost].[/ch08]   : Initializing Spring embedded WebApplicationContext
2024-03-14T17:05:30.581+09:00  INFO 204 --- [ch08] [restartedMain] w.s.c.ServletWebServerApplicationContext : Root WebApplicationContext: initialization completed in 734 ms
2024-03-14T17:05:30.657+09:00  INFO 204 --- [ch08] [restartedMain] o.hibernate.jpa.internal.util.LogHelper  : HHH000204: Processing PersistenceUnitInfo [name: default]
2024-03-14T17:05:30.683+09:00  INFO 204 --- [ch08] [restartedMain] org.hibernate.Version                    : HHH000412: Hibernate ORM core version 6.4.4.Final
2024-03-14T17:05:30.701+09:00  INFO 204 --- [ch08] [restartedMain] o.h.c.internal.RegionFactoryInitiator    : HHH000026: Second-level cache disabled
2024-03-14T17:05:30.820+09:00  INFO 204 --- [ch08] [restartedMain] o.s.o.j.p.SpringPersistenceUnitInfo      : No LoadTimeWeaver setup: ignoring JPA class transformer
2024-03-14T17:05:30.834+09:00  INFO 204 --- [ch08] [restartedMain] com.zaxxer.hikari.HikariDataSource       : HikariPool-1 - Starting...
2024-03-14T17:05:30.985+09:00  INFO 204 --- [ch08] [restartedMain] com.zaxxer.hikari.pool.HikariPool        : HikariPool-1 - Added connection com.mysql.cj.jdbc.ConnectionImpl@6db28ac7
2024-03-14T17:05:30.987+09:00  INFO 204 --- [ch08] [restartedMain] com.zaxxer.hikari.HikariDataSource       : HikariPool-1 - Start completed.
2024-03-14T17:05:31.014+09:00  WARN 204 --- [ch08] [restartedMain] org.hibernate.orm.deprecation            : HHH90000025: MySQLDialect does not need to be specified explicitly using 'hibernate.dialect' (remove the property setting and it will be selected by default)
2024-03-14T17:05:31.441+09:00  INFO 204 --- [ch08] [restartedMain] o.h.e.t.j.p.i.JtaPlatformInitiator       : HHH000489: No JTA platform available (set 'hibernate.transaction.jta.platform' to enable JTA platform integration)
2024-03-14T17:05:31.468+09:00  INFO 204 --- [ch08] [restartedMain] j.LocalContainerEntityManagerFactoryBean : Initialized JPA EntityManagerFactory for persistence unit 'default'
2024-03-14T17:05:31.592+09:00  WARN 204 --- [ch08] [restartedMain] JpaBaseConfiguration$JpaWebConfiguration : spring.jpa.open-in-view is enabled by default. Therefore, database queries may be performed during view rendering. Explicitly configure spring.jpa.open-in-view to disable this warning
2024-03-14T17:05:31.646+09:00  INFO 204 --- [ch08] [restartedMain] o.s.b.a.w.s.WelcomePageHandlerMapping    : Adding welcome page template: index
2024-03-14T17:05:31.752+09:00  INFO 204 --- [ch08] [restartedMain] o.s.s.web.DefaultSecurityFilterChain     : Will secure any request with [org.springframework.security.web.session.DisableEncodeUrlFilter@1fbf2d4e, org.springframework.security.web.context.request.async.WebAsyncManagerIntegrationFilter@560a4eab, org.springframework.security.web.context.SecurityContextHolderFilter@5b24d9c3, org.springframework.security.web.header.HeaderWriterFilter@3a53b2c3, org.springframework.web.filter.CorsFilter@65c590e5, org.springframework.security.web.authentication.logout.LogoutFilter@6a07cf79, org.springframework.security.web.authentication.UsernamePasswordAuthenticationFilter@539cf0ae, org.springframework.security.web.savedrequest.RequestCacheAwareFilter@7b6d655f, org.springframework.security.web.servletapi.SecurityContextHolderAwareRequestFilter@f6b3639, org.springframework.security.web.authentication.AnonymousAuthenticationFilter@4d529164, org.springframework.security.web.access.ExceptionTranslationFilter@687396f7, org.springframework.security.web.access.intercept.AuthorizationFilter@a187c9e]
2024-03-14T17:05:31.943+09:00  WARN 204 --- [ch08] [restartedMain] o.s.b.d.a.OptionalLiveReloadServer       : Unable to start LiveReload server
2024-03-14T17:05:31.957+09:00  WARN 204 --- [ch08] [restartedMain] ConfigServletWebServerApplicationContext : Exception encountered during context initialization - cancelling refresh attempt: org.springframework.context.ApplicationContextException: Failed to start bean 'webServerStartStop'
2024-03-14T17:05:31.958+09:00  INFO 204 --- [ch08] [restartedMain] j.LocalContainerEntityManagerFactoryBean : Closing JPA EntityManagerFactory for persistence unit 'default'
2024-03-14T17:05:31.960+09:00  INFO 204 --- [ch08] [restartedMain] com.zaxxer.hikari.HikariDataSource       : HikariPool-1 - Shutdown initiated...
2024-03-14T17:05:31.964+09:00  INFO 204 --- [ch08] [restartedMain] com.zaxxer.hikari.HikariDataSource       : HikariPool-1 - Shutdown completed.
2024-03-14T17:05:31.971+09:00  INFO 204 --- [ch08] [restartedMain] .s.b.a.l.ConditionEvaluationReportLogger : 

Error starting ApplicationContext. To display the condition evaluation report re-run your application with 'debug' enabled.
2024-03-14T17:05:31.985+09:00 ERROR 204 --- [ch08] [restartedMain] o.s.b.d.LoggingFailureAnalysisReporter   : 

***************************
APPLICATION FAILED TO START
***************************

Description:

Web server failed to start. Port 8080 was already in use.

Action:

Identify and stop the process that's listening on port 8080 or configure this application to listen on another port.

2024-03-14T17:05:56.768+09:00  INFO 17052 --- [ch08] [restartedMain] kr.co.ch08.Ch08Application               : Starting Ch08Application using Java 17.0.9 with PID 17052 (C:\Users\java\Desktop\workspace\Spring\ch08\build\classes\java\main started by java in C:\Users\java\Desktop\workspace\Spring\ch08)
2024-03-14T17:05:56.769+09:00  INFO 17052 --- [ch08] [restartedMain] kr.co.ch08.Ch08Application               : No active profile set, falling back to 1 default profile: "default"
2024-03-14T17:05:56.793+09:00  INFO 17052 --- [ch08] [restartedMain] .e.DevToolsPropertyDefaultsPostProcessor : Devtools property defaults active! Set 'spring.devtools.add-properties' to 'false' to disable
2024-03-14T17:05:56.794+09:00  INFO 17052 --- [ch08] [restartedMain] .e.DevToolsPropertyDefaultsPostProcessor : For additional web related logging consider setting the 'logging.level.web' property to 'DEBUG'
2024-03-14T17:05:57.159+09:00  INFO 17052 --- [ch08] [restartedMain] .s.d.r.c.RepositoryConfigurationDelegate : Bootstrapping Spring Data JPA repositories in DEFAULT mode.
2024-03-14T17:05:57.185+09:00  INFO 17052 --- [ch08] [restartedMain] .s.d.r.c.RepositoryConfigurationDelegate : Finished Spring Data repository scanning in 22 ms. Found 1 JPA repository interface.
2024-03-14T17:05:57.259+09:00  WARN 17052 --- [ch08] [restartedMain] o.m.s.mapper.ClassPathMapperScanner      : No MyBatis mapper was found in '[kr.co.ch08]' package. Please check your configuration.
2024-03-14T17:05:57.485+09:00  INFO 17052 --- [ch08] [restartedMain] o.s.b.w.embedded.tomcat.TomcatWebServer  : Tomcat initialized with port 8080 (http)
2024-03-14T17:05:57.491+09:00  INFO 17052 --- [ch08] [restartedMain] o.apache.catalina.core.StandardService   : Starting service [Tomcat]
2024-03-14T17:05:57.492+09:00  INFO 17052 --- [ch08] [restartedMain] o.apache.catalina.core.StandardEngine    : Starting Servlet engine: [Apache Tomcat/10.1.19]
2024-03-14T17:05:57.517+09:00  INFO 17052 --- [ch08] [restartedMain] o.a.c.c.C.[Tomcat].[localhost].[/ch08]   : Initializing Spring embedded WebApplicationContext
2024-03-14T17:05:57.517+09:00  INFO 17052 --- [ch08] [restartedMain] w.s.c.ServletWebServerApplicationContext : Root WebApplicationContext: initialization completed in 723 ms
2024-03-14T17:05:57.596+09:00  INFO 17052 --- [ch08] [restartedMain] o.hibernate.jpa.internal.util.LogHelper  : HHH000204: Processing PersistenceUnitInfo [name: default]
2024-03-14T17:05:57.620+09:00  INFO 17052 --- [ch08] [restartedMain] org.hibernate.Version                    : HHH000412: Hibernate ORM core version 6.4.4.Final
2024-03-14T17:05:57.637+09:00  INFO 17052 --- [ch08] [restartedMain] o.h.c.internal.RegionFactoryInitiator    : HHH000026: Second-level cache disabled
2024-03-14T17:05:57.757+09:00  INFO 17052 --- [ch08] [restartedMain] o.s.o.j.p.SpringPersistenceUnitInfo      : No LoadTimeWeaver setup: ignoring JPA class transformer
2024-03-14T17:05:57.771+09:00  INFO 17052 --- [ch08] [restartedMain] com.zaxxer.hikari.HikariDataSource       : HikariPool-1 - Starting...
2024-03-14T17:05:57.914+09:00  INFO 17052 --- [ch08] [restartedMain] com.zaxxer.hikari.pool.HikariPool        : HikariPool-1 - Added connection com.mysql.cj.jdbc.ConnectionImpl@4ad341eb
2024-03-14T17:05:57.915+09:00  INFO 17052 --- [ch08] [restartedMain] com.zaxxer.hikari.HikariDataSource       : HikariPool-1 - Start completed.
2024-03-14T17:05:57.943+09:00  WARN 17052 --- [ch08] [restartedMain] org.hibernate.orm.deprecation            : HHH90000025: MySQLDialect does not need to be specified explicitly using 'hibernate.dialect' (remove the property setting and it will be selected by default)
2024-03-14T17:05:58.362+09:00  INFO 17052 --- [ch08] [restartedMain] o.h.e.t.j.p.i.JtaPlatformInitiator       : HHH000489: No JTA platform available (set 'hibernate.transaction.jta.platform' to enable JTA platform integration)
2024-03-14T17:05:58.390+09:00  INFO 17052 --- [ch08] [restartedMain] j.LocalContainerEntityManagerFactoryBean : Initialized JPA EntityManagerFactory for persistence unit 'default'
2024-03-14T17:05:58.510+09:00  WARN 17052 --- [ch08] [restartedMain] JpaBaseConfiguration$JpaWebConfiguration : spring.jpa.open-in-view is enabled by default. Therefore, database queries may be performed during view rendering. Explicitly configure spring.jpa.open-in-view to disable this warning
2024-03-14T17:05:58.567+09:00  INFO 17052 --- [ch08] [restartedMain] o.s.b.a.w.s.WelcomePageHandlerMapping    : Adding welcome page template: index
2024-03-14T17:05:58.654+09:00  INFO 17052 --- [ch08] [restartedMain] o.s.s.web.DefaultSecurityFilterChain     : Will secure any request with [org.springframework.security.web.session.DisableEncodeUrlFilter@5ab30d85, org.springframework.security.web.context.request.async.WebAsyncManagerIntegrationFilter@78ecfd96, org.springframework.security.web.context.SecurityContextHolderFilter@4e7d249b, org.springframework.security.web.header.HeaderWriterFilter@4364898e, org.springframework.web.filter.CorsFilter@6a07cf79, org.springframework.security.web.authentication.logout.LogoutFilter@7cc6adce, org.springframework.security.web.authentication.UsernamePasswordAuthenticationFilter@7d469b95, org.springframework.security.web.savedrequest.RequestCacheAwareFilter@2818059, org.springframework.security.web.servletapi.SecurityContextHolderAwareRequestFilter@a2e5153, org.springframework.security.web.authentication.AnonymousAuthenticationFilter@77245092, org.springframework.security.web.access.ExceptionTranslationFilter@3fc0179c, org.springframework.security.web.access.intercept.AuthorizationFilter@7a0b0ed3]
2024-03-14T17:05:58.799+09:00  INFO 17052 --- [ch08] [restartedMain] o.s.b.d.a.OptionalLiveReloadServer       : LiveReload server is running on port 35729
2024-03-14T17:05:58.820+09:00  INFO 17052 --- [ch08] [restartedMain] o.s.b.w.embedded.tomcat.TomcatWebServer  : Tomcat started on port 8080 (http) with context path '/ch08'
2024-03-14T17:05:58.826+09:00  INFO 17052 --- [ch08] [restartedMain] kr.co.ch08.Ch08Application               : Started Ch08Application in 2.248 seconds (process running for 2.51)
2024-03-14T17:06:03.744+09:00  INFO 17052 --- [ch08] [http-nio-8080-exec-1] o.a.c.c.C.[Tomcat].[localhost].[/ch08]   : Initializing Spring DispatcherServlet 'dispatcherServlet'
2024-03-14T17:06:03.744+09:00  INFO 17052 --- [ch08] [http-nio-8080-exec-1] o.s.web.servlet.DispatcherServlet        : Initializing Servlet 'dispatcherServlet'
2024-03-14T17:06:03.745+09:00  INFO 17052 --- [ch08] [http-nio-8080-exec-1] o.s.web.servlet.DispatcherServlet        : Completed initialization in 0 ms
2024-03-14T17:07:44.034+09:00  INFO 17052 --- [ch08] [SpringApplicationShutdownHook] j.LocalContainerEntityManagerFactoryBean : Closing JPA EntityManagerFactory for persistence unit 'default'
2024-03-14T17:07:44.038+09:00  INFO 17052 --- [ch08] [SpringApplicationShutdownHook] com.zaxxer.hikari.HikariDataSource       : HikariPool-1 - Shutdown initiated...
2024-03-14T17:07:44.044+09:00  INFO 17052 --- [ch08] [SpringApplicationShutdownHook] com.zaxxer.hikari.HikariDataSource       : HikariPool-1 - Shutdown completed.
